SERIAL INPUT ROUTINE
0900 2A 98 08 ID HL,(0898)
0903 CD 12 09 CALL 0912
0906 ED 4B 9A 08 LD BC,(089A)
090A B7 OR A
090B E5 PUSH HL
090C ED 42 SBC HL,BC
090E El POP HL
090F 38 F2 JR C 0903
0911 C9 RET
0912 DB 03 IN A,03
0914 07 RLCA
0915 30 FB JR NC 0912
0917 06 40 LD B,40
0919 10 FE DJNZ 0919
091B 1E 00 LD E,00
091D OE 08 LD C,08
091F DB 07 IN A,07
0921 07 RLCA
0922 CB 1B RR E
0924 06 39 LD B,39
0926 10 FE DJNZ 0926
0928 OD DEC C
0929 20 F4 JR NZ 091F
092B 7B LD A,E
092C 2F CPL
092D 77 LD (HL),A
092E 23 INC HL
092F C9 RET
